In file included from [01m[K/opt/ros/kinetic/include/ros/ros.h:40:0[m[K,
                 from [01m[K/home/plugit/lidar_mapping/src/find_moving_objects/src/laserscan_interpreter.cpp:38[m[K:
[01m[K/home/plugit/lidar_mapping/src/find_moving_objects/src/laserscan_interpreter.cpp:[m[K In member function â€˜[01m[Kvoid find_moving_objects::LaserScanArrayInterpreterNode::onInit()[m[Kâ€™:
[01m[K/home/plugit/lidar_mapping/src/find_moving_objects/src/laserscan_interpreter.cpp:436:35:[m[K [01;31m[Kerror: [m[Kâ€˜[01m[Kclass find_moving_objects::BankArgument[m[Kâ€™ has no member named â€˜[01m[Ksubscribe_topic[m[Kâ€™
   ROS_WARN("%s %s", bank_argument.subscribe_topic.c_str(), bank_argument.topic_objects.c_str());
[01;32m[K                                   ^[m[K
[01m[K/opt/ros/kinetic/include/ros/console.h:346:165:[m[K [01;36m[Knote: [m[Kin definition of macro â€˜[01m[KROSCONSOLE_PRINT_AT_LOCATION_WITH_FILTER[m[Kâ€™
     ::ros::console::print(filter, __rosconsole_define_location__loc.logger_, __rosconsole_define_location__loc.level_, __FILE__, __LINE__, __ROSCONSOLE_FUNCTION__, __VA_ARGS__)
[01;32m[K                                                                                                                                                                     ^[m[K
[01m[K/opt/ros/kinetic/include/ros/console.h:379:7:[m[K [01;36m[Knote: [m[Kin expansion of macro â€˜[01m[KROSCONSOLE_PRINT_AT_LOCATION[m[Kâ€™
       ROSCONSOLE_PRINT_AT_LOCATION(__VA_ARGS__); \
[01;32m[K       ^[m[K
[01m[K/opt/ros/kinetic/include/ros/console.h:561:35:[m[K [01;36m[Knote: [m[Kin expansion of macro â€˜[01m[KROS_LOG_COND[m[Kâ€™
 #define ROS_LOG(level, name, ...) ROS_LOG_COND(true, level, name, __VA_ARGS__)
[01;32m[K                                   ^[m[K
[01m[K/opt/ros/kinetic/include/rosconsole/macros_generated.h:162:23:[m[K [01;36m[Knote: [m[Kin expansion of macro â€˜[01m[KROS_LOG[m[Kâ€™
 #define ROS_WARN(...) ROS_LOG(::ros::console::levels::Warn, ROSCONSOLE_DEFAULT_NAME, __VA_ARGS__)
[01;32m[K                       ^[m[K
[01m[K/home/plugit/lidar_mapping/src/find_moving_objects/src/laserscan_interpreter.cpp:436:3:[m[K [01;36m[Knote: [m[Kin expansion of macro â€˜[01m[KROS_WARN[m[Kâ€™
   ROS_WARN("%s %s", bank_argument.subscribe_topic.c_str(), bank_argument.topic_objects.c_str());
[01;32m[K   ^[m[K
In file included from [01m[K/opt/ros/kinetic/include/ros/ros.h:40:0[m[K,
                 from [01m[K/home/plugit/lidar_mapping/src/find_moving_objects/src/laserscan_interpreter.cpp:38[m[K:
[01m[K/home/plugit/lidar_mapping/src/find_moving_objects/src/laserscan_interpreter.cpp:[m[K In member function â€˜[01m[Kvoid find_moving_objects::LaserScanInterpreterNode::onInit()[m[Kâ€™:
[01m[K/home/plugit/lidar_mapping/src/find_moving_objects/src/laserscan_interpreter.cpp:436:35:[m[K [01;31m[Kerror: [m[Kâ€˜[01m[Kclass find_moving_objects::BankArgument[m[Kâ€™ has no member named â€˜[01m[Ksubscribe_topic[m[Kâ€™
   ROS_WARN("%s %s", bank_argument.subscribe_topic.c_str(), bank_argument.topic_objects.c_str());
[01;32m[K                                   ^[m[K
[01m[K/opt/ros/kinetic/include/ros/console.h:346:165:[m[K [01;36m[Knote: [m[Kin definition of macro â€˜[01m[KROSCONSOLE_PRINT_AT_LOCATION_WITH_FILTER[m[Kâ€™
     ::ros::console::print(filter, __rosconsole_define_location__loc.logger_, __rosconsole_define_location__loc.level_, __FILE__, __LINE__, __ROSCONSOLE_FUNCTION__, __VA_ARGS__)
[01;32m[K                                                                                                                                                                     ^[m[K
[01m[K/opt/ros/kinetic/include/ros/console.h:379:7:[m[K [01;36m[Knote: [m[Kin expansion of macro â€˜[01m[KROSCONSOLE_PRINT_AT_LOCATION[m[Kâ€™
       ROSCONSOLE_PRINT_AT_LOCATION(__VA_ARGS__); \
[01;32m[K       ^[m[K
[01m[K/opt/ros/kinetic/include/ros/console.h:561:35:[m[K [01;36m[Knote: [m[Kin expansion of macro â€˜[01m[KROS_LOG_COND[m[Kâ€™
 #define ROS_LOG(level, name, ...) ROS_LOG_COND(true, level, name, __VA_ARGS__)
[01;32m[K                                   ^[m[K
[01m[K/opt/ros/kinetic/include/rosconsole/macros_generated.h:162:23:[m[K [01;36m[Knote: [m[Kin expansion of macro â€˜[01m[KROS_LOG[m[Kâ€™
 #define ROS_WARN(...) ROS_LOG(::ros::console::levels::Warn, ROSCONSOLE_DEFAULT_NAME, __VA_ARGS__)
[01;32m[K                       ^[m[K
[01m[K/home/plugit/lidar_mapping/src/find_moving_objects/src/laserscan_interpreter.cpp:436:3:[m[K [01;36m[Knote: [m[Kin expansion of macro â€˜[01m[KROS_WARN[m[Kâ€™
   ROS_WARN("%s %s", bank_argument.subscribe_topic.c_str(), bank_argument.topic_objects.c_str());
[01;32m[K   ^[m[K
In file included from [01m[K/opt/ros/kinetic/include/ros/ros.h:40:0[m[K,
                 from [01m[K/home/plugit/lidar_mapping/src/find_moving_objects/src/laserscan_interpreter.cpp:38[m[K:
[01m[K/home/plugit/lidar_mapping/src/find_moving_objects/src/laserscan_interpreter.cpp:[m[K In member function â€˜[01m[Kvirtual void find_moving_objects::LaserScanInterpreterNodelet::onInit()[m[Kâ€™:
[01m[K/home/plugit/lidar_mapping/src/find_moving_objects/src/laserscan_interpreter.cpp:436:35:[m[K [01;31m[Kerror: [m[Kâ€˜[01m[Kclass find_moving_objects::BankArgument[m[Kâ€™ has no member named â€˜[01m[Ksubscribe_topic[m[Kâ€™
   ROS_WARN("%s %s", bank_argument.subscribe_topic.c_str(), bank_argument.topic_objects.c_str());
[01;32m[K                                   ^[m[K
[01m[K/opt/ros/kinetic/include/ros/console.h:346:165:[m[K [01;36m[Knote: [m[Kin definition of macro â€˜[01m[KROSCONSOLE_PRINT_AT_LOCATION_WITH_FILTER[m[Kâ€™
     ::ros::console::print(filter, __rosconsole_define_location__loc.logger_, __rosconsole_define_location__loc.level_, __FILE__, __LINE__, __ROSCONSOLE_FUNCTION__, __VA_ARGS__)
[01;32m[K                                                                                                                                                                     ^[m[K
[01m[K/opt/ros/kinetic/include/ros/console.h:379:7:[m[K [01;36m[Knote: [m[Kin expansion of macro â€˜[01m[KROSCONSOLE_PRINT_AT_LOCATION[m[Kâ€™
       ROSCONSOLE_PRINT_AT_LOCATION(__VA_ARGS__); \
[01;32m[K       ^[m[K
[01m[K/opt/ros/kinetic/include/ros/console.h:561:35:[m[K [01;36m[Knote: [m[Kin expansion of macro â€˜[01m[KROS_LOG_COND[m[Kâ€™
 #define ROS_LOG(level, name, ...) ROS_LOG_COND(true, level, name, __VA_ARGS__)
[01;32m[K                                   ^[m[K
[01m[K/opt/ros/kinetic/include/rosconsole/macros_generated.h:162:23:[m[K [01;36m[Knote: [m[Kin expansion of macro â€˜[01m[KROS_LOG[m[Kâ€™
 #define ROS_WARN(...) ROS_LOG(::ros::console::levels::Warn, ROSCONSOLE_DEFAULT_NAME, __VA_ARGS__)
[01;32m[K                       ^[m[K
[01m[K/home/plugit/lidar_mapping/src/find_moving_objects/src/laserscan_interpreter.cpp:436:3:[m[K [01;36m[Knote: [m[Kin expansion of macro â€˜[01m[KROS_WARN[m[Kâ€™
   ROS_WARN("%s %s", bank_argument.subscribe_topic.c_str(), bank_argument.topic_objects.c_str());
[01;32m[K   ^[m[K
In file included from [01m[K/opt/ros/kinetic/include/ros/ros.h:40:0[m[K,
                 from [01m[K/home/plugit/lidar_mapping/src/find_moving_objects/src/laserscan_interpreter.cpp:38[m[K:
[01m[K/home/plugit/lidar_mapping/src/find_moving_objects/src/laserscan_interpreter.cpp:[m[K In member function â€˜[01m[Kvirtual void find_moving_objects::LaserScanArrayInterpreterNodelet::onInit()[m[Kâ€™:
[01m[K/home/plugit/lidar_mapping/src/find_moving_objects/src/laserscan_interpreter.cpp:436:35:[m[K [01;31m[Kerror: [m[Kâ€˜[01m[Kclass find_moving_objects::BankArgument[m[Kâ€™ has no member named â€˜[01m[Ksubscribe_topic[m[Kâ€™
   ROS_WARN("%s %s", bank_argument.subscribe_topic.c_str(), bank_argument.topic_objects.c_str());
[01;32m[K                                   ^[m[K
[01m[K/opt/ros/kinetic/include/ros/console.h:346:165:[m[K [01;36m[Knote: [m[Kin definition of macro â€˜[01m[KROSCONSOLE_PRINT_AT_LOCATION_WITH_FILTER[m[Kâ€™
     ::ros::console::print(filter, __rosconsole_define_location__loc.logger_, __rosconsole_define_location__loc.level_, __FILE__, __LINE__, __ROSCONSOLE_FUNCTION__, __VA_ARGS__)
[01;32m[K                                                                                                                                                                     ^[m[K
[01m[K/opt/ros/kinetic/include/ros/console.h:379:7:[m[K [01;36m[Knote: [m[Kin expansion of macro â€˜[01m[KROSCONSOLE_PRINT_AT_LOCATION[m[Kâ€™
       ROSCONSOLE_PRINT_AT_LOCATION(__VA_ARGS__); \
[01;32m[K       ^[m[K
[01m[K/opt/ros/kinetic/include/ros/console.h:561:35:[m[K [01;36m[Knote: [m[Kin expansion of macro â€˜[01m[KROS_LOG_COND[m[Kâ€™
 #define ROS_LOG(level, name, ...) ROS_LOG_COND(true, level, name, __VA_ARGS__)
[01;32m[K                                   ^[m[K
[01m[K/opt/ros/kinetic/include/rosconsole/macros_generated.h:162:23:[m[K [01;36m[Knote: [m[Kin expansion of macro â€˜[01m[KROS_LOG[m[Kâ€™
 #define ROS_WARN(...) ROS_LOG(::ros::console::levels::Warn, ROSCONSOLE_DEFAULT_NAME, __VA_ARGS__)
[01;32m[K                       ^[m[K
[01m[K/home/plugit/lidar_mapping/src/find_moving_objects/src/laserscan_interpreter.cpp:436:3:[m[K [01;36m[Knote: [m[Kin expansion of macro â€˜[01m[KROS_WARN[m[Kâ€™
   ROS_WARN("%s %s", bank_argument.subscribe_topic.c_str(), bank_argument.topic_objects.c_str());
[01;32m[K   ^[m[K
make[2]: *** [CMakeFiles/laserscanarray_interpreter_node.dir/src/laserscan_interpreter.cpp.o] Error 1
make[1]: *** [CMakeFiles/laserscanarray_interpreter_node.dir/all] Error 2
make[1]: *** Waiting for unfinished jobs....
make[2]: *** [CMakeFiles/laserscan_interpreter_node.dir/src/laserscan_interpreter.cpp.o] Error 1
make[1]: *** [CMakeFiles/laserscan_interpreter_node.dir/all] Error 2
make[2]: *** [CMakeFiles/LaserScanInterpreterNodelet.dir/src/laserscan_interpreter.cpp.o] Error 1
make[1]: *** [CMakeFiles/LaserScanInterpreterNodelet.dir/all] Error 2
make[2]: *** [CMakeFiles/LaserScanArrayInterpreterNodelet.dir/src/laserscan_interpreter.cpp.o] Error 1
make[1]: *** [CMakeFiles/LaserScanArrayInterpreterNodelet.dir/all] Error 2
make: *** [all] Error 2
