[01m[K/home/plugit/lidar_mapping/src/find_moving_objects/src/laserscan_interpreter.cpp:[m[K In constructor â€˜[01m[Kfind_moving_objects::LaserScanArrayInterpreterNode::LaserScanArrayInterpreterNode()[m[Kâ€™:
[01m[K/home/plugit/lidar_mapping/src/find_moving_objects/src/laserscan_interpreter.cpp:130:3:[m[K [01;31m[Kerror: [m[Kexpected â€˜[01m[K;[m[Kâ€™ before â€˜[01m[KonInit[m[Kâ€™
   onInit();
[01;32m[K   ^[m[K
[01m[K/home/plugit/lidar_mapping/src/find_moving_objects/src/laserscan_interpreter.cpp:[m[K In constructor â€˜[01m[Kfind_moving_objects::LaserScanInterpreterNode::LaserScanInterpreterNode()[m[Kâ€™:
[01m[K/home/plugit/lidar_mapping/src/find_moving_objects/src/laserscan_interpreter.cpp:130:3:[m[K [01;31m[Kerror: [m[Kexpected â€˜[01m[K;[m[Kâ€™ before â€˜[01m[KonInit[m[Kâ€™
   onInit();
[01;32m[K   ^[m[K
make[2]: *** [CMakeFiles/laserscan_interpreter_node.dir/src/laserscan_interpreter.cpp.o] Error 1
make[1]: *** [CMakeFiles/laserscan_interpreter_node.dir/all] Error 2
make[1]: *** Waiting for unfinished jobs....
make[2]: *** [CMakeFiles/laserscanarray_interpreter_node.dir/src/laserscan_interpreter.cpp.o] Error 1
make[1]: *** [CMakeFiles/laserscanarray_interpreter_node.dir/all] Error 2
make: *** [all] Error 2
